running: /data/projects/istart-ugdg/derivatives/fsl/sub-1003/L1_task-ugdg_model-1_type-ppi_seed-IFG_extracted_run-1_sm-5 
running: /data/projects/istart-ugdg/derivatives/fsl/sub-1003/L1_task-ugdg_model-1_type-ppi_seed-IFG_extracted_run-2_sm-5 
To view the FEAT progress and final report, point your web browser at /data/projects/istart-ugdg/derivatives/fsl/sub-1003/L1_task-ugdg_model-1_type-ppi_seed-IFG_extracted_run-1_sm-5.feat/report_log.html
To view the FEAT progress and final report, point your web browser at /data/projects/istart-ugdg/derivatives/fsl/sub-1003/L1_task-ugdg_model-1_type-ppi_seed-IFG_extracted_run-2_sm-5.feat/report_log.html
running: /data/projects/istart-ugdg/derivatives/fsl/sub-1004/L1_task-ugdg_model-1_type-ppi_seed-IFG_extracted_run-1_sm-5 
To view the FEAT progress and final report, point your web browser at /data/projects/istart-ugdg/derivatives/fsl/sub-1004/L1_task-ugdg_model-1_type-ppi_seed-IFG_extracted_run-1_sm-5.feat/report_log.html
running: /data/projects/istart-ugdg/derivatives/fsl/sub-1004/L1_task-ugdg_model-1_type-ppi_seed-IFG_extracted_run-2_sm-5 
To view the FEAT progress and final report, point your web browser at /data/projects/istart-ugdg/derivatives/fsl/sub-1004/L1_task-ugdg_model-1_type-ppi_seed-IFG_extracted_run-2_sm-5.feat/report_log.html
running: /data/projects/istart-ugdg/derivatives/fsl/sub-1006/L1_task-ugdg_model-1_type-ppi_seed-IFG_extracted_run-1_sm-5 
running: /data/projects/istart-ugdg/derivatives/fsl/sub-1006/L1_task-ugdg_model-1_type-ppi_seed-IFG_extracted_run-2_sm-5 
running: /data/projects/istart-ugdg/derivatives/fsl/sub-1009/L1_task-ugdg_model-1_type-ppi_seed-IFG_extracted_run-1_sm-5 
To view the FEAT progress and final report, point your web browser at /data/projects/istart-ugdg/derivatives/fsl/sub-1006/L1_task-ugdg_model-1_type-ppi_seed-IFG_extracted_run-1_sm-5.feat/report_log.html
To view the FEAT progress and final report, point your web browser at /data/projects/istart-ugdg/derivatives/fsl/sub-1006/L1_task-ugdg_model-1_type-ppi_seed-IFG_extracted_run-2_sm-5.feat/report_log.html
running: /data/projects/istart-ugdg/derivatives/fsl/sub-1009/L1_task-ugdg_model-1_type-ppi_seed-IFG_extracted_run-2_sm-5 
To view the FEAT progress and final report, point your web browser at /data/projects/istart-ugdg/derivatives/fsl/sub-1009/L1_task-ugdg_model-1_type-ppi_seed-IFG_extracted_run-1_sm-5.feat/report_log.html
To view the FEAT progress and final report, point your web browser at /data/projects/istart-ugdg/derivatives/fsl/sub-1009/L1_task-ugdg_model-1_type-ppi_seed-IFG_extracted_run-2_sm-5.feat/report_log.html
running: /data/projects/istart-ugdg/derivatives/fsl/sub-1010/L1_task-ugdg_model-1_type-ppi_seed-IFG_extracted_run-1_sm-5 
To view the FEAT progress and final report, point your web browser at /data/projects/istart-ugdg/derivatives/fsl/sub-1010/L1_task-ugdg_model-1_type-ppi_seed-IFG_extracted_run-1_sm-5.feat/report_log.html
running: /data/projects/istart-ugdg/derivatives/fsl/sub-1010/L1_task-ugdg_model-1_type-ppi_seed-IFG_extracted_run-2_sm-5 
To view the FEAT progress and final report, point your web browser at /data/projects/istart-ugdg/derivatives/fsl/sub-1010/L1_task-ugdg_model-1_type-ppi_seed-IFG_extracted_run-2_sm-5.feat/report_log.html
running: /data/projects/istart-ugdg/derivatives/fsl/sub-1011/L1_task-ugdg_model-1_type-ppi_seed-IFG_extracted_run-1_sm-5 
running: /data/projects/istart-ugdg/derivatives/fsl/sub-1012/L1_task-ugdg_model-1_type-ppi_seed-IFG_extracted_run-1_sm-5 
To view the FEAT progress and final report, point your web browser at /data/projects/istart-ugdg/derivatives/fsl/sub-1011/L1_task-ugdg_model-1_type-ppi_seed-IFG_extracted_run-1_sm-5.feat/report_log.html
To view the FEAT progress and final report, point your web browser at /data/projects/istart-ugdg/derivatives/fsl/sub-1012/L1_task-ugdg_model-1_type-ppi_seed-IFG_extracted_run-1_sm-5.feat/report_log.html
running: /data/projects/istart-ugdg/derivatives/fsl/sub-1013/L1_task-ugdg_model-1_type-ppi_seed-IFG_extracted_run-1_sm-5 
To view the FEAT progress and final report, point your web browser at /data/projects/istart-ugdg/derivatives/fsl/sub-1013/L1_task-ugdg_model-1_type-ppi_seed-IFG_extracted_run-1_sm-5.feat/report_log.html
running: /data/projects/istart-ugdg/derivatives/fsl/sub-1016/L1_task-ugdg_model-1_type-ppi_seed-IFG_extracted_run-1_sm-5 
To view the FEAT progress and final report, point your web browser at /data/projects/istart-ugdg/derivatives/fsl/sub-1016/L1_task-ugdg_model-1_type-ppi_seed-IFG_extracted_run-1_sm-5.feat/report_log.html
running: /data/projects/istart-ugdg/derivatives/fsl/sub-1019/L1_task-ugdg_model-1_type-ppi_seed-IFG_extracted_run-1_sm-5 
running: /data/projects/istart-ugdg/derivatives/fsl/sub-1019/L1_task-ugdg_model-1_type-ppi_seed-IFG_extracted_run-2_sm-5 
To view the FEAT progress and final report, point your web browser at /data/projects/istart-ugdg/derivatives/fsl/sub-1019/L1_task-ugdg_model-1_type-ppi_seed-IFG_extracted_run-1_sm-5.feat/report_log.html
running: /data/projects/istart-ugdg/derivatives/fsl/sub-1021/L1_task-ugdg_model-1_type-ppi_seed-IFG_extracted_run-1_sm-5 
To view the FEAT progress and final report, point your web browser at /data/projects/istart-ugdg/derivatives/fsl/sub-1019/L1_task-ugdg_model-1_type-ppi_seed-IFG_extracted_run-2_sm-5.feat/report_log.html
To view the FEAT progress and final report, point your web browser at /data/projects/istart-ugdg/derivatives/fsl/sub-1021/L1_task-ugdg_model-1_type-ppi_seed-IFG_extracted_run-1_sm-5.feat/report_log.html
running: /data/projects/istart-ugdg/derivatives/fsl/sub-1021/L1_task-ugdg_model-1_type-ppi_seed-IFG_extracted_run-2_sm-5 
running: /data/projects/istart-ugdg/derivatives/fsl/sub-1242/L1_task-ugdg_model-1_type-ppi_seed-IFG_extracted_run-2_sm-5 
running: /data/projects/istart-ugdg/derivatives/fsl/sub-1243/L1_task-ugdg_model-1_type-ppi_seed-IFG_extracted_run-1_sm-5 
ERROR: Mask and Input volumes have different (x,y,z) size.
child process exited abnormally
    while executing
"fsl:exec "${FSLDIR}/bin/feat_model design" $fmri(featModelOpts) -N feat0_model -l logs "
    (procedure "firstLevelMaster" line 43)
    invoked from within
"firstLevelMaster $session"
    invoked from within
"if { $done_something == 0 } {

    if { ! $fmri(inmelodic) } {
       if { $fmri(level) == 1 } {
	      for { set session 1 } { $session <= $fmri(mult..."
    (file "/usr/share/fsl/6.0.4/bin/feat" line 390)
cp: cannot stat '/data/projects/istart-ugdg/derivatives/fsl/sub-1004/L1_task-ugdg_model-1_type-seed-IFG_extracted_run-1_sm-5.feat/mean_func.nii.gz': No such file or directory
To view the FEAT progress and final report, point your web browser at /data/projects/istart-ugdg/derivatives/fsl/sub-1021/L1_task-ugdg_model-1_type-ppi_seed-IFG_extracted_run-2_sm-5.feat/report_log.html
To view the FEAT progress and final report, point your web browser at /data/projects/istart-ugdg/derivatives/fsl/sub-1242/L1_task-ugdg_model-1_type-ppi_seed-IFG_extracted_run-2_sm-5.feat/report_log.html
running: /data/projects/istart-ugdg/derivatives/fsl/sub-1243/L1_task-ugdg_model-1_type-ppi_seed-IFG_extracted_run-2_sm-5 
To view the FEAT progress and final report, point your web browser at /data/projects/istart-ugdg/derivatives/fsl/sub-1243/L1_task-ugdg_model-1_type-ppi_seed-IFG_extracted_run-2_sm-5.feat/report_log.html
running: /data/projects/istart-ugdg/derivatives/fsl/sub-1248/L1_task-ugdg_model-1_type-ppi_seed-IFG_extracted_run-2_sm-5 
To view the FEAT progress and final report, point your web browser at /data/projects/istart-ugdg/derivatives/fsl/sub-1248/L1_task-ugdg_model-1_type-ppi_seed-IFG_extracted_run-2_sm-5.feat/report_log.html
running: /data/projects/istart-ugdg/derivatives/fsl/sub-1251/L1_task-ugdg_model-1_type-ppi_seed-IFG_extracted_run-2_sm-5 
running: /data/projects/istart-ugdg/derivatives/fsl/sub-1253/L1_task-ugdg_model-1_type-ppi_seed-IFG_extracted_run-1_sm-5 
To view the FEAT progress and final report, point your web browser at /data/projects/istart-ugdg/derivatives/fsl/sub-1251/L1_task-ugdg_model-1_type-ppi_seed-IFG_extracted_run-2_sm-5.feat/report_log.html
To view the FEAT progress and final report, point your web browser at /data/projects/istart-ugdg/derivatives/fsl/sub-1253/L1_task-ugdg_model-1_type-ppi_seed-IFG_extracted_run-1_sm-5.feat/report_log.html
running: /data/projects/istart-ugdg/derivatives/fsl/sub-1253/L1_task-ugdg_model-1_type-ppi_seed-IFG_extracted_run-2_sm-5 
To view the FEAT progress and final report, point your web browser at /data/projects/istart-ugdg/derivatives/fsl/sub-1253/L1_task-ugdg_model-1_type-ppi_seed-IFG_extracted_run-2_sm-5.feat/report_log.html
running: /data/projects/istart-ugdg/derivatives/fsl/sub-1276/L1_task-ugdg_model-1_type-ppi_seed-IFG_extracted_run-1_sm-5 
To view the FEAT progress and final report, point your web browser at /data/projects/istart-ugdg/derivatives/fsl/sub-1276/L1_task-ugdg_model-1_type-ppi_seed-IFG_extracted_run-1_sm-5.feat/report_log.html
child process exited abnormally
    while executing
"fsl:exec "${FSLDIR}/bin/feat ${fsfroot}.fsf -D $FD -I $session -stats" -b $howlong -h $prestatsID -N feat3_film -l logs "
    (procedure "firstLevelMaster" line 190)
    invoked from within
"firstLevelMaster $session"
    invoked from within
"if { $done_something == 0 } {

    if { ! $fmri(inmelodic) } {
       if { $fmri(level) == 1 } {
	      for { set session 1 } { $session <= $fmri(mult..."
    (file "/usr/share/fsl/6.0.4/bin/feat" line 390)
running: /data/projects/istart-ugdg/derivatives/fsl/sub-1276/L1_task-ugdg_model-1_type-ppi_seed-IFG_extracted_run-2_sm-5 
running: /data/projects/istart-ugdg/derivatives/fsl/sub-1282/L1_task-ugdg_model-1_type-ppi_seed-IFG_extracted_run-1_sm-5 
child process exited abnormally
    while executing
"fsl:exec "${FSLDIR}/bin/feat ${fsfroot}.fsf -D $FD -I $session -prestats" -b $prestatsTime -h $initID $jobHalt -N feat2_pre -l logs "
    (procedure "firstLevelMaster" line 168)
    invoked from within
"firstLevelMaster $session"
    invoked from within
"if { $done_something == 0 } {

    if { ! $fmri(inmelodic) } {
       if { $fmri(level) == 1 } {
	      for { set session 1 } { $session <= $fmri(mult..."
    (file "/usr/share/fsl/6.0.4/bin/feat" line 390)
running: /data/projects/istart-ugdg/derivatives/fsl/sub-1282/L1_task-ugdg_model-1_type-ppi_seed-IFG_extracted_run-2_sm-5 
running: /data/projects/istart-ugdg/derivatives/fsl/sub-1286/L1_task-ugdg_model-1_type-ppi_seed-IFG_extracted_run-1_sm-5 
To view the FEAT progress and final report, point your web browser at /data/projects/istart-ugdg/derivatives/fsl/sub-1276/L1_task-ugdg_model-1_type-ppi_seed-IFG_extracted_run-2_sm-5.feat/report_log.html
To view the FEAT progress and final report, point your web browser at /data/projects/istart-ugdg/derivatives/fsl/sub-1282/L1_task-ugdg_model-1_type-ppi_seed-IFG_extracted_run-1_sm-5.feat/report_log.html
To view the FEAT progress and final report, point your web browser at /data/projects/istart-ugdg/derivatives/fsl/sub-1282/L1_task-ugdg_model-1_type-ppi_seed-IFG_extracted_run-2_sm-5.feat/report_log.html
To view the FEAT progress and final report, point your web browser at /data/projects/istart-ugdg/derivatives/fsl/sub-1286/L1_task-ugdg_model-1_type-ppi_seed-IFG_extracted_run-1_sm-5.feat/report_log.html
feat" line 390)
running: /data/projects/istart-ugdg/derivatives/fsl/sub-1012/L1_task-ugdg_model-1_type-ppi_seed-IFG_extracted_run-2_sm-5 
To view the FEAT progress and final report, point your web browser at /data/projects/istart-ugdg/derivatives/fsl/sub-1012/L1_task-ugdg_model-1_type-ppi_seed-IFG_extracted_run-2_sm-5.feat/report_log.html
running: /data/projects/istart-ugdg/derivatives/fsl/sub-1013/L1_task-ugdg_model-1_type-ppi_seed-IFG_extracted_run-1_sm-5 
To view the FEAT progress and final report, point your web browser at /data/projects/istart-ugdg/derivatives/fsl/sub-1013/L1_task-ugdg_model-1_type-ppi_seed-IFG_extracted_run-1_sm-5+.feat/report_log.html
ln: failed to create symbolic link '/data/projects/istart-ugdg/derivatives/fsl/sub-1010/L1_task-ugdg_model-1_type-ppi_seed-IFG_extracted_run-1_sm-5.feat/reg/example_func2standard.mat': File exists
ln: failed to create symbolic link '/data/projects/istart-ugdg/derivatives/fsl/sub-1010/L1_task-ugdg_model-1_type-ppi_seed-IFG_extracted_run-1_sm-5.feat/reg/standard2example_func.mat': File exists
ln: failed to create symbolic link '/data/projects/istart-ugdg/derivatives/fsl/sub-1010/L1_task-ugdg_model-1_type-ppi_seed-IFG_extracted_run-1_sm-5.feat/reg/standard.nii.gz': File exists
ln: failed to create symbolic link '/data/projects/istart-ugdg/derivatives/fsl/sub-1011/L1_task-ugdg_model-1_type-ppi_seed-IFG_extracted_run-1_sm-5.feat/reg/example_func2standard.mat': File exists
ln: failed to create symbolic link '/data/projects/istart-ugdg/derivatives/fsl/sub-1011/L1_task-ugdg_model-1_type-ppi_seed-IFG_extracted_run-1_sm-5.feat/reg/standard2example_func.mat': File exists
ln: failed to create symbolic link '/data/projects/istart-ugdg/derivatives/fsl/sub-1011/L1_task-ugdg_model-1_type-ppi_seed-IFG_extracted_run-1_sm-5.feat/reg/standard.nii.gz': File exists
ln: failed to create symbolic link '/data/projects/istart-ugdg/derivatives/fsl/sub-1010/L1_task-ugdg_model-1_type-ppi_seed-IFG_extracted_run-2_sm-5.feat/reg/example_func2standard.mat': File exists
ln: failed to create symbolic link '/data/projects/istart-ugdg/derivatives/fsl/sub-1010/L1_task-ugdg_model-1_type-ppi_seed-IFG_extracted_run-2_sm-5.feat/reg/standard2example_func.mat': File exists
ln: failed to create symbolic link '/data/projects/istart-ugdg/derivatives/fsl/sub-1010/L1_task-ugdg_model-1_type-ppi_seed-IFG_extracted_run-2_sm-5.feat/reg/standard.nii.gz': File exists
ln: failed to create symbolic link '/data/projects/istart-ugdg/derivatrunning: /data/projects/istart-ugdg/derivatives/fsl/sub-1019/L1_task-ugdg_model-1_type-ppi_seed-IFG_extracted_run-1_sm-5 
running: /data/projects/istart-ugdg/derivatives/fsl/sub-1019/L1_task-ugdg_model-1_type-ppi_seed-IFG_extracted_run-2_sm-5 
To view the FEAT progress and final report, point your web browser at /data/projects/istart-ugdg/derivatives/fsl/sub-1019/L1_task-ugdg_model-1_type-ppi_seed-IFG_extracted_run-1_sm-5.feat/report_log.html
running: /data/projects/istart-ugdg/derivatives/fsl/sub-1021/L1_running: /data/projects/istart-ugdg/derivatives/fsl/sub-1016/L1_task-ugdg_model-1_type-ppi_seed-IFG_extracted_run-1_sm-5 
running: /data/projects/istart-ugdg/derivatives/fsl/sub-1016/L1_task-ugdg_model-1_type-ppi_seed-IFG_extracted_run-2_sm-5 
running: /data/projects/istart-ugdg/derivatives/fsl/sub-1019/L1_task-ugdg_model-1_type-ppi_seed-IFG_extracted_run-1_sm-5 
running: /data/projects/istart-ugdg/derivatives/fsl/sub-1019/L1_task-ugdg_model-1_type-ppi_seed-IFG_extracted_run-2_sm-5 
running: /data/projects/istart-ugdg/derivatives/fsl/sub-1021/L1_task-ugdg_model-1_type-ppi_seed-IFG_extracted_run-1_sm-5 
To view the FEAT progress and final report, point your web browser at /data/projects/istart-ugdg/derivatives/fsl/sub-1016/L1_task-ugdg_model-1_type-ppi_seed-IFG_extracted_run-1_sm-5+.feat/report_log.html
To view the FEAT progress and final report, point your web browser at /data/projects/istart-ugdg/derivatives/fsl/sub-1016/L1_task-ugdg_model-1_type-ppi_seed-IFG_extracted_run-2_sm-5.feat/report_log.html
To view the FEAT progress and final report, point your web browser at /data/projects/istart-ugdg/derivatives/fsl/sub-1019/L1_task-ugdg_model-1_type-ppi_seed-IFG_extracted_run-1_sm-5+.feat/report_log.html
To view the FEAT progress and final report, point your web browser at /data/projects/istart-ugdg/derivatives/fsl/sub-1019/L1_task-ugdg_model-1_type-ppi_seed-IFG_extracted_run-2_sm-5+.feat/report_log.html
running: /data/projects/istart-ugdg/derivatives/fsl/sub-1021/L1_task-ugdg_model-1_type-ppi_seed-IFG_extracted_run-2_sm-5 
To view the FEAT progress and final report, point your web browser at /data/projects/istart-ugdg/derivatives/fsl/sub-1021/L1_task-ugdg_model-1_type-ppi_seed-IFG_extracted_run-1_sm-5+.feat/report_log.html
To view the FEAT progress and final report, point your web browser at /data/projects/istart-ugdg/derivatives/fsl/sub-1021/L1_task-ugdg_model-1_type-ppi_seed-IFG_extracted_run-2_sm-5+.feat/report_log.html
ln: failed to create symbolic link '/data/projects/istart-ugdg/derivatives/fsl/sub-1012/L1_task-ugdg_model-1_type-ppi_seed-IFG_extracted_run-2_sm-5.feat/reg/example_func2standard.mat': File exists
ln: failed to create symbolic link '/data/projects/istart-ugdg/derivatives/fsl/sub-1012/L1_task-ugdg_model-1_type-ppi_seed-IFG_extracted_run-2_sm-5.feat/reg/standard2example_func.mat': File exists
ln: failed to create symbolic link '/data/projects/istart-ugdg/derivatives/fsl/sub-1012/L1_task-ugdg_model-1_type-ppi_seed-IFG_extracted_run-2_sm-5.feat/reg/standard.nii.gz': File exists
ln: failed to create symbolic link '/data/projects/istart-ugdg/derivatives/fsl/sub-1013/L1_task-ugdg_model-1_type-ppi_seed-IFG_extracted_run-1_sm-5.feat/reg/example_func2standard.mat': File exists
ln: failed to create symbolic link '/data/projects/istart-ugdg/derivatives/fsl/sub-1013/L1_task-ugdg_model-1_type-ppi_seed-IFG_extracted_run-1_sm-5.feat/reg/standard2example_func.mat': File exists
ln: failed to create symbolic link '/data/projects/istart-ugdg/derivatives/fsl/sub-1013/L1_task-ugdg_model-1_type-ppi_seed-IFG_extracted_run-1_sm-5.feat/reg/standard.nii.gz': File exists
running: /data/projects/istart-ugdg/derivatives/fsl/sub-1242/L1_task-ugdg_model-1_type-ppi_seed-IFG_extracted_run-1_sm-5 
To view the FEAT progress and final report, point your web browser at /data/projects/istart-ugdg/derivatives/fsl/sub-1242/L1_task-ugdg_model-1_type-ppi_seed-IFG_extracted_run-1_sm-5.feat/report_log.html
child process exited abnormally
    while executing
"fsl:exec "${FSLDIR}/bin/feat ${fsfroot}.fsf -D $FD -I $session -stats" -b $howlong -h $prestatsID -N feat3_film -l logs "
    (procedure "firstLevelMaster" line 190)
    invoked from within
"firstLevelMaster $session"
    invoked from within
"if { $done_something == 0 } {

    if { ! $fmri(inmelodic) } {
       if { $fmri(level) == 1 } {
	      for { set session 1 } { $session <= $fmri(mult..."
    (file "/usr/share/fsl/6.0.4/bin/feat" line 390)
ln: failed to create symbolic link '/data/projects/istart-ugdg/derivatives/fsl/sub-1016/L1_task-ugdg_model-1_type-ppi_seed-IFG_extracted_run-1_sm-5.feat/reg/example_func2standard.mat': File exists
ln: failed to create symbolic link '/data/projects/istart-ugdg/derivatives/fsl/sub-1016/L1_task-ugdg_model-1_type-ppi_seed-IFG_extracted_run-1_sm-5.feat/reg/standard2example_func.mat': File exists
ln: failed to create symbolic link '/data/projects/istart-ugdg/derivatives/fsl/sub-1016/L1_task-ugdg_model-1_type-ppi_seed-IFG_child process exited abnormally
    while executing
"fsl:exec "${FSLDIR}/bin/feat ${fsfroot}.fsf -D $FD -I $session -prestats" -b $prestatsTime -h $initID $jobHalt -N feat2_pre -l logs "
    (procedure "firstLevelMaster" line 168)
    invoked from within
"firstLevelMaster $session"
    invoked from within
"if { $done_something == 0 } {

    if { ! $fmri(inmelodic) } {
       if { $fmri(level) == 1 } {
	      for { set session 1 } { $session <= $fmri(mult..."
    (file "/usr/share/fsl/6.0.4/bin/feat" line 390)
running: /data/projects/istart-ugdg/derivatives/fsl/sub-1243/L1_task-ugdg_model-1_type-ppi_seed-IFG_extracted_run-1_sm-5 
running: /data/projects/istart-ugdg/derivatives/fsl/sub-1243/L1_task-ugdg_model-1_type-ppi_seed-IFG_extracted_run-2_sm-5 
ERROR: Mask and Input volumes have different (x,y,z) size.
child process exited abnormally
    while executing
"fsl:exec "${FSLDIR}/bin/feat_model design" $fmri(featModelOpts) -N feat0_model -l logs "
    (procedure "firstLevelMaster" line 43)
    invoked from within
"firstLevelMaster $session"
    invoked from within
"if { $done_something == 0 } {

    if { ! $fmri(inmelodic) } {
       if { $fmri(level) == 1 } {
	      for { set session 1 } { $session <= $fmri(mult..."
    (file "/usr/share/fsl/6.0.4/bin/feat" line 390)
cp: cannot stat '/data/projects/istart-ugdg/derivatives/fsl/sub-1004/L1_task-ugdg_model-1_type-seed-IFG_extracted_run-1_sm-5.feat/mean_func.nii.gz': No such file or directory
child process exited abnormally
    while executing
"fsl:exec "${FSLDIR}/bin/feat_model design" $fmri(featModelOpts) -N feat0_model -l logs "
    (procedure "firstLevelMaster" line 43)
    invoked from within
"firstLevelMaster $session"
    invoked from within
"if { $done_something == 0 } {

    if { ! $fmri(inmelodic) } {
       if { $fmri(level) == 1 } {
	      for { set session 1 } { $session <= $fmri(mult..."
    (file "/usr/share/fsl/6.0.4/bin/feat" line 390)
running: /data/projects/istart-ugdg/derivatives/fsl/sub-1244/L1_task-ugdg_model-1_type-ppi_seed-IFG_extracted_run-1_sm-5 
running: /data/projects/istart-ugdg/derivatives/fsl/sub-1244/L1_task-ugdg_model-1_type-ppi_seed-IFG_extracted_run-2_sm-5 
To view the FEAT progress and final report, point your web browser at /data/projects/istart-ugdg/derivatives/fsl/sub-1244/L1_task-ugdg_model-1_type-ppi_seed-IFG_extracted_run-1_sm-5.feat/report_log.html
running: /data/projects/istart-ugdg/derivatives/fsl/sub-1245/L1_task-ugdg_model-1_type-ppi_seed-IFG_extracted_run-1_sm-5 
To view the FEAT progress and final report, point your web browser at /data/projects/istart-ugdg/derivatives/fsl/sub-1244/L1_task-ugdg_model-1_type-ppi_seed-IFG_extracted_run-2_sm-5.feat/report_log.html
running: /data/projects/istart-ugdg/derivatives/fsl/sub-1245/L1_task-ugdg_model-1_type-ppi_seed-IFG_extracted_run-2_sm-5 
running: /data/projects/istart-ugdg/derivatives/fsl/sub-1247/L1_task-ugdg_model-1_type-ppi_seed-IFG_extracted_run-1_sm-5 
To view the FEAT progress and final report, point your web browser at /data/projects/istart-ugdg/derivatives/fsl/sub-1245/L1_task-ugdg_model-1_type-ppi_seed-IFG_extracted_run-1_sm-5.feat/report_log.html
To view the FEAT progress and final report, point your web browser at /data/projects/istart-ugdg/derivatives/fsl/sub-1245/L1_task-ugdg_model-1_type-ppi_seed-IFG_extracted_run-2_sm-5.feat/report_log.html
running: /data/projects/istart-ugdg/derivatives/fsl/sub-1247/L1_task-ugdg_model-1_type-ppi_seed-IFG_extracted_run-2_sm-5 
To view the FEAT progress and final report, point your web browser at /data/projects/istart-ugdg/derivatives/fsl/sub-1247/L1_task-ugdg_model-1_type-ppi_seed-IFG_extracted_run-1_sm-5.feat/report_log.html
To view the FEAT progress and final report, point your web browser at /data/projects/istart-ugdg/derivatives/fsl/sub-1247/L1_task-ugdg_model-1_type-ppi_seed-IFG_extracted_run-2_sm-5.feat/report_log.html
running: /data/projects/istart-ugdg/derivatives/fsl/sub-1248/L1_task-ugdg_model-1_type-ppi_seed-IFG_extracted_run-1_sm-5 
To view the FEAT progress and final report, point your web browser at /data/projects/istart-ugdg/derivatives/fsl/sub-1248/L1_task-ugdg_model-1_type-ppi_seed-IFG_extracted_run-1_sm-5.feat/report_log.html
child process exited abnormally
    while executing
"fsl:exec "${FSLDIR}/bin/feat ${fsfroot}.fsf -D $FD -I $session -stats" -b $howlong -h $prestatsID -N feat3_film -l logs "
    (procedure "firstLevelMaster" line 190)
    invoked from within
"firstLevelMaster $session"
    invoked from within
"if { $done_something == 0 } {

    if { ! $fmri(inmelodic) } {
       if { $fmri(level) == 1 } {
	      for { set session 1 } { $session <= $fmri(mult..."
    (file "/usr/share/fsl/6.0.4/bin/feat" line 390)
running: /data/projects/istart-ugdg/derivatives/fsl/sub-1248/L1_task-ugdg_model-1_type-ppi_seed-IFG_extracted_run-2_sm-5 
running: /data/projects/istart-ugdg/derivatives/fsl/sub-1249/L1_task-ugdg_model-1_type-ppi_seed-IFG_extracted_run-1_sm-5 
child process exited abnormally
    while executing
"fsl:exec "${FSLDIR}/bin/feat_model design" $fmri(featModelOpts) -N feat0_model -l logs "
    (procedure "firstLevelMaster" line 43)
    invoked from within
"firstLevelMaster $session"
    invoked from within
"if { $done_something == 0 } {

    if { ! $fmri(inmelodic) } {
       if { $fmri(level) == 1 } {
	      for { set session 1 } { $session <= $fmri(mult..."
    (file "/usr/share/fsl/6.0.4/bin/feat" line 390)
child process exited abnormally
    while executing
"fsl:exec "${FSLDIR}/bin/feat ${fsfroot}.fsf -D $FD -I $session -prestats" -b $prestatsTime -h $initID $jobHalt -N feat2_pre -l logs "
    (procedure "firstLevelMaster" line 168)
    invoked from within
"firstLevelMaster $session"
    invoked from within
"if { $done_something == 0 } {

    if { ! $fmri(inmelodic) } {
       if { $fmri(level) == 1 } {
	      for { set session 1 } { $session <= $fmri(mult..."
    (file "/usr/share/fsl/6.0.4/bin/feat" line 390)
To view the FEAT progress and final report, point your web browser at /data/projects/istart-ugdg/derivatives/fsl/sub-1249/L1_task-ugdg_model-1_type-ppi_seed-IFG_extracted_run-1_sm-5.feat/report_log.html
ln: failed to create symbolic link '/data/projects/istart-ugdg/derivatives/fsl/sub-1244/L1_task-ugdg_model-1_type-ppi_seed-IFG_extracted_run-1_sm-5.feat/reg/example_func2standard.mat': File exists
ln: failed to create symbolic link '/data/projects/istart-ugdg/derivatives/fsl/sub-1244/L1_task-ugdg_model-1_type-ppi_seed-IFG_extracted_run-1_sm-5.feat/reg/standard2example_func.mat': File exists
ln: failed to create symbolic link '/data/projects/istart-ugdg/derivatives/fsl/sub-1244/L1_task-ugdg_model-1_type-ppi_seed-IFG_extracted_run-1_sm-5.feat/reg/standard.nii.gz': File exists
ln: failed to create symbolic link '/data/projects/istart-ugdg/derivatives/fsl/sub-1245/L1_task-ugdg_model-1_type-ppi_seed-IFG_extracted_run-2_sm-5.feat/reg/example_func2standard.mat': File exists
ln: failed to create symbolic link '/data/projects/istart-ugdg/derivatives/fsl/sub-1245/L1_task-ugdg_model-1_type-ppi_seed-IFG_extracted_run-2_sm-5.feat/reg/standard2example_func.mat': File exists
ln: failed to create symbolic link '/data/projects/istart-ugdg/derivatives/fsl/sub-1245/L1_task-ugdg_model-1_type-ppi_seed-IFG_extracted_run-2_sm-5.feat/reg/standard.nii.gz': File exists
running: /data/projects/istart-ugdg/derivatives/fsl/sub-1249/L1_task-ugdg_model-1_type-ppi_seed-IFG_extracted_run-2_sm-5 
To view the FEAT progress and final report, point your web browser at /data/projects/istart-ugdg/derivatives/fsl/sub-1249/L1_task-ugdg_model-1_type-ppi_seed-IFG_extracted_run-2_sm-5.feat/report_log.html
ln: failed to create symbolic link '/data/projects/istart-ugdg/derivatives/fsl/sub-1244/L1_task-ugdg_model-1_type-ppi_seed-IFG_extracted_run-2_sm-5.feat/reg/example_func2standard.mat': File exists
ln: failed to create symbolic link '/data/projects/istart-ugdg/derivatives/fsl/sub-1244/L1_task-ugdg_model-1_type-ppi_seed-IFG_extracted_run-2_sm-5.feat/reg/standard2example_func.mat': File exists
ln: failed to create symbolic link '/data/projects/istart-ugdg/derivatives/fsl/sub-1244/L1_task-ugdg_model-1_type-ppi_seed-IFG_extracted_run-2_sm-5.feat/reg/standard.nii.gz': File exists
ln: failed to create symbolic link '/data/projects/istart-ugdg/derivatives/fsl/sub-1245/L1_task-ugdg_model-1_type-ppi_seed-IFG_extracted_run-1_sm-5.feat/reg/example_func2standard.mat': File exists
ln: failed to create symbolic link '/data/projects/istart-ugdg/derivatives/fsl/sub-1245/L1_task-ugdg_model-1_type-ppi_seed-IFG_extracted_run-1_sm-5.feat/reg/standard2example_func.mat': File exists
ln: failed to create symbolic link '/data/projects/istart-ugdg/derivatives/fsl/sub-1245/L1_task-ugdg_model-1_type-ppi_seed-IFG_extracted_run-1_sm-5.feat/reg/standard.nii.gz': File exists
running: /data/projects/istart-ugdg/derivatives/fsl/sub-1251/L1_task-ugdg_model-1_type-ppi_seed-IFG_extracted_run-1_sm-5 
To view the FEAT progress and final report, point your web browser at /data/projects/istart-ugdg/derivatives/fsl/sub-1251/L1_task-ugdg_model-1_type-ppi_seed-IFG_extracted_run-1_sm-5.feat/report_log.html
child process exited abnormally
    while executing
"fsl:exec "${FSLDIR}/bin/feat ${fsfroot}.fsf -D $FD -I $session -init" -b 10 -N feat0_init -l logs "
    (procedure "firstLevelMaster" line 145)
    invoked from within
"firstLevelMaster $session"
    invoked from within
"if { $done_something == 0 } {

    if { ! $fmri(inmelodic) } {
       if { $fmri(level) == 1 } {
	      for { set session 1 } { $session <= $fmri(mult..."
    (file "/usr/share/fsl/6.0.4/bin/feat" line 390)
running: /data/projects/istart-ugdg/derivatives/fsl/sub-1251/L1_task-ugdg_model-1_type-ppi_seed-IFG_extracted_run-2_sm-5 
To view the FEAT progress and final report, point your web browser at /data/projects/istart-ugdg/derivatives/fsl/sub-1251/L1_task-ugdg_model-1_type-ppi_seed-IFG_extracted_run-2_sm-5.feat/report_log.html
child process exited abnormally
    while executing
"fsl:exec "${FSLDIR}/bin/feat ${fsfroot}.fsf -D $FD -I $session -prestats" -b $prestatsTime -h $initID $jobHalt -N feat2_pre -l logs "
    (procedure "firstLevelMaster" line 168)
    invoked from within
"firstLevelMaster $session"
    invoked from within
"if { $done_something == 0 } {

    if { ! $fmri(inmelodic) } {
       if { $fmri(level) == 1 } {
	      for { set session 1 } { $session <= $fmri(mult..."
    (file "/usr/share/fsl/6.0.4/bin/feat" line 390)
running: /data/projects/istart-ugdg/derivatives/fsl/sub-1253/L1_task-ugdg_model-1_type-ppi_seed-IFG_extracted_run-1_sm-5 
To view the FEAT progress and final report, point your web browser at /data/projects/istart-ugdg/derivatives/fsl/sub-1253/L1_task-ugdg_model-1_type-ppi_seed-IFG_extracted_run-1_sm-5.feat/report_log.html
child process exited abnormally
    while executing
"fsl:exec "${FSLDIR}/bin/feat ${fsfroot}.fsf -D $FD -I $session -init" -b 10 -N feat0_init -l logs "
    (procedure "firstLevelMaster" line 145)
    invoked from within
"firstLevelMaster $session"
    invoked from within
"if { $done_something == 0 } {

    if { ! $fmri(inmelodic) } {
       if { $fmri(level) == 1 } {
	      for { set session 1 } { $session <= $fmri(mult..."
    (file "/usr/share/fsl/6.0.4/bin/feat" line 390)
running: /data/projects/istart-ugdg/derivatives/fsl/sub-1253/L1_task-ugdg_model-1_type-ppi_seed-IFG_extracted_run-2_sm-5 
running: /data/projects/istart-ugdg/derivatives/fsl/sub-1255/L1_task-ugdg_model-1_type-ppi_seed-IFG_extracted_run-1_sm-5 
running: /data/projects/istart-ugdg/derivatives/fsl/sub-1255/L1_task-ugdg_model-1_type-ppi_seed-IFG_extracted_run-2_sm-5 
To view the FEAT progress and final report, point your web browser at /data/projects/istart-ugdg/derivatives/fsl/sub-1253/L1_task-ugdg_model-1_type-ppi_seed-IFG_extracted_run-2_sm-5+.feat/report_log.html
To view the FEAT progress and final report, point your web browser at /data/projects/istart-ugdg/derivatives/fsl/sub-1255/L1_task-ugdg_model-1_type-ppi_seed-IFG_extracted_run-1_sm-5.feat/report_log.html
To view the FEAT progress and final report, point your web browser at /data/projects/istart-ugdg/derivatives/fsl/sub-1255/L1_task-ugdg_model-1_type-ppi_seed-IFG_extracted_run-2_sm-5.feat/report_log.html
running: /data/projects/istart-ugdg/derivatives/fsl/sub-1276/L1_task-ugdg_model-1_type-ppi_seed-IFG_extracted_run-1_sm-5 
child process exited abnormally
    while executing
"fsl:exec "${FSLDIR}/bin/feat ${fsfroot}.fsf -D $FD -I $session -init" -b 10 -N feat0_init -l logs "
    (procedure "firstLevelMaster" line 145)
    invoked from within
"firstLevelMaster $session"
    invoked from within
"if { $done_something == 0 } {

    if { ! $fmri(inmelodic) } {
       if { $fmri(level) == 1 } {
	      for { set session 1 } { $session <= $fmri(mult..."
    (file "/usr/share/fsl/6.0.4/bin/feat" line 390)
To view the FEAT progress and final report, point your web browser at /data/projects/istart-ugdg/derivatives/fsl/sub-1276/L1_task-ugdg_model-1_type-ppi_seed-IFG_extracted_run-1_sm-5.feat/report_log.html
running: /data/projects/istart-ugdg/derivatives/fsl/sub-1276/L1_task-ugdg_model-1_type-ppi_seed-IFG_extracted_run-2_sm-5 
child process exited abnormally
    while executing
"fsl:exec "${FSLDIR}/bin/feat ${fsfroot}.fsf -D $FD -I $session -init" -b 10 -N feat0_init -l logs "
    (procedure "firstLevelMaster" line 145)
    invoked from within
"firstLevelMaster $session"
    invoked from within
"if { $done_something == 0 } {

    if { ! $fmri(inmelodic) } {
       if { $fmri(level) == 1 } {
	      for { set session 1 } { $session <= $fmri(mult..."
    (file "/usr/share/fsl/6.0.4/bin/feat" line 390)
running: /data/projects/istart-ugdg/derivatives/fsl/sub-1282/L1_task-ugdg_model-1_type-ppi_seed-IFG_extracted_run-1_sm-5 
child process exited abnormally
    while executing
"fsl:exec "${FSLDIR}/bin/feat_model design" $fmri(featModelOpts) -N feat0_model -l logs "
    (procedure "firstLevelMaster" line 43)
    invoked from within
"firstLevelMaster $session"
    invoked from within
"if { $done_something == 0 } {

    if { ! $fmri(inmelodic) } {
       if { $fmri(level) == 1 } {
	      for { set session 1 } { $session <= $fmri(mult..."
    (file "/usr/share/fsl/6.0.4/bin/feat" line 390)
running: /data/projects/istart-ugdg/derivatives/fsl/sub-1282/L1_task-ugdg_model-1_type-ppi_seed-IFG_extracted_run-2_sm-5 
running: /data/projects/istart-ugdg/derivatives/fsl/sub-1286/L1_task-ugdg_model-1_type-ppi_seed-IFG_extracted_run-1_sm-5 
To view the FEAT progress and final report, point your web browser at /data/projects/istart-ugdg/derivatives/fsl/sub-1282/L1_task-ugdg_model-1_type-ppi_seed-IFG_extracted_run-1_sm-5.feat/report_log.html
To view the FEAT progress and final report, point your web browser at /data/projects/istart-ugdg/derivatives/fsl/sub-1282/L1_task-ugdg_model-1_type-ppi_seed-IFG_extracted_run-2_sm-5.feat/report_log.html
To view the FEAT progress and final report, point your web browser at /data/projects/istart-ugdg/derivatives/fsl/sub-1286/L1_task-ugdg_model-1_type-ppi_seed-IFG_extracted_run-1_sm-5.feat/report_log.html
ln: failed to create symbolic link '/data/projects/istart-ugdg/derivatives/fsl/sub-1251/L1_task-ugdg_model-1_type-ppi_seed-IFG_extracted_run-1_sm-5.feat/reg/example_func2standard.mat': File exists
ln: failed to create symbolic link '/data/projects/istart-ugdg/derivatives/fsl/sub-1251/L1_task-ugdg_model-1_type-ppi_seed-IFG_extracted_run-1_sm-5.feat/reg/standard2example_func.mat': File exists
ln: failed to create symbolic link '/data/projects/istart-ugdg/derivatives/fsl/sub-1251/L1_task-ugdg_model-1_type-ppi_seed-IFG_extracted_run-1_sm-5.feat/reg/standard.nii.gz': File exists
running: /data/projects/istart-ugdg/derivatives/fsl/sub-1286/L1_task-ugdg_model-1_type-ppi_seed-IFG_extracted_run-2_sm-5 
running: /data/projects/istart-ugdg/derivatives/fsl/sub-1294/L1_task-ugdg_model-1_type-ppi_seed-IFG_extracted_run-1_sm-5 
To view the FEAT progress and final report, point your web browser at /data/projects/istart-ugdg/derivatives/fsl/sub-1286/L1_task-ugdg_model-1_type-ppi_seed-IFG_extracted_run-2_sm-5.feat/report_log.html
To view the FEAT progress and final report, point your web browser at /data/projects/istart-ugdg/derivatives/fsl/sub-1294/L1_task-ugdg_model-1_type-ppi_seed-IFG_extracted_run-1_sm-5.feat/report_log.html
child process exited abnormally
    while executing
"fsl:exec "${FSLDIR}/bin/feat ${fsfroot}.fsf -D $FD -I $session -stats" -b $howlong -h $prestatsID -N feat3_film -l logs "
    (procedure "firstLevelMaster" line 190)
    invoked from within
"firstLevelMaster $session"
    invoked from within
"if { $done_something == 0 } {

    if { ! $fmri(inmelodic) } {
       if { $fmri(level) == 1 } {
	      for { set session 1 } { $session <= $fmri(mult..."
    (file "/usr/share/fsl/6.0.4/bin/feat" line 390)
ln: failed to create symbolic link '/data/projects/istart-ugdg/derivatives/fsl/sub-1253/L1_task-ugdg_model-1_type-ppi_seed-IFG_extracted_run-2_sm-5.feat/reg/example_func2standard.mat': File exists
ln: failed to create symbolic link '/data/projects/istart-ugdg/derivatives/fsl/sub-1253/L1_task-ugdg_model-1_type-ppi_seed-IFG_extracted_run-2_sm-5.feat/reg/standard2example_func.mat': File exists
ln: failed to create symbolic link '/data/projects/istart-ugdg/derivatives/fsl/sub-1253/L1_task-ugdg_model-1_type-ppi_seed-IFG_extracted_run-2_sm-5.feat/reg/standard.nii.gz': File exists
running: /data/projects/istart-ugdg/derivatives/fsl/sub-1294/L1_task-ugdg_model-1_type-ppi_seed-IFG_extracted_run-2_sm-5 
child process exited abnormally
    while executing
"fsl:exec "${FSLDIR}/bin/feat ${fsfroot}.fsf -D $FD -I $session -stats" -b $howlong -h $prestatsID -N feat3_film -l logs "
    (procedure "firstLevelMaster" line 190)
    invoked from within
"firstLevelMaster $session"
    invoked from within
"if { $done_something == 0 } {

    if { ! $fmri(inmelodic) } {
       if { $fmri(level) == 1 } {
	      for { set session 1 } { $session <= $fmri(mult..."
    (file "/usr/share/fsl/6.0.4/bin/feat" line 390)
To view the FEAT progress and final report, point your web browser at /data/projects/istart-ugdg/derivatives/fsl/sub-1294/L1_task-ugdg_model-1_type-ppi_seed-IFG_extracted_run-2_sm-5.feat/report_log.html
child process exited abnormally
    while executing
"fsl:exec "${FSLDIR}/bin/feat ${fsfroot}.fsf -D $FD -I $session -stats" -b $howlong -h $prestatsID -N feat3_film -l logs "
    (procedure "firstLevelMaster" line 190)
    invoked from within
"firstLevelMaster $session"
    invoked from within
"if { $done_something == 0 } {

    if { ! $fmri(inmelodic) } {
       if { $fmri(level) == 1 } {
	      for { set session 1 } { $session <= $fmri(mult..."
    (file "/usr/share/fsl/6.0.4/bin/feat" line 390)
running: /data/projects/istart-ugdg/derivatives/fsl/sub-1300/L1_task-ugdg_model-1_type-ppi_seed-IFG_extracted_run-1_sm-5 
child process exited abnormally
    while executing
"fsl:exec "${FSLDIR}/bin/feat ${fsfroot}.fsf -D $FD -I $session -stats" -b $howlong -h $prestatsID -N feat3_film -l logs "
    (procedure "firstLevelMaster" line 190)
    invoked from within
"firstLevelMaster $session"
    invoked from within
"if { $done_something == 0 } {

    if { ! $fmri(inmelodic) } {
       if { $fmri(level) == 1 } {
	      for { set session 1 } { $session <= $fmri(mult..."
    (file "/usr/share/fsl/6.0.4/bin/feat" line 390)
To view the FEAT progress and final report, point your web browser at /data/projects/istart-ugdg/derivatives/fsl/sub-1300/L1_task-ugdg_model-1_type-ppi_seed-IFG_extracted_run-1_sm-5.feat/report_log.html
running: /data/projects/istart-ugdg/derivatives/fsl/sub-1300/L1_task-ugdg_model-1_type-ppi_seed-IFG_extracted_run-2_sm-5 
running: /data/projects/istart-ugdg/derivatives/fsl/sub-1301/L1_task-ugdg_model-1_type-ppi_seed-IFG_extracted_run-1_sm-5 
child process exited abnormally
    while executing
"fsl:exec "${FSLDIR}/bin/feat ${fsfroot}.fsf -D $FD -I $session -init" -b 10 -N feat0_init -l logs "
    (procedure "firstLevelMaster" line 145)
    invoked from within
"firstLevelMaster $session"
    invoked from within
"if { $done_something == 0 } {

    if { ! $fmri(inmelodic) } {
       if { $fmri(level) == 1 } {
	      for { set session 1 } { $session <= $fmri(mult..."
    (file "/usr/share/fsl/6.0.4/bin/feat" line 390)
To view the FEAT progress and final report, point your web browser at /data/projects/istart-ugdg/derivatives/fsl/sub-1300/L1_task-ugdg_model-1_type-ppi_seed-IFG_extracted_run-2_sm-5.feat/report_log.html
To view the FEAT progress and final report, point your web browser at /data/projects/istart-ugdg/derivatives/fsl/sub-1301/L1_task-ugdg_model-1_type-ppi_seed-IFG_extracted_run-1_sm-5.feat/report_log.html
child process exited abnormally
    while executing
"fsl:exec "${FSLDIR}/bin/feat ${fsfroot}.fsf -D $FD -I $session -init" -b 10 -N feat0_init -l logs "
    (procedure "firstLevelMaster" line 145)
    invoked from within
"firstLevelMaster $session"
    invoked from within
"if { $done_something == 0 } {

    if { ! $fmri(inmelodic) } {
       if { $fmri(level) == 1 } {
	      for { set session 1 } { $session <= $fmri(mult..."
    (file "/usr/share/fsl/6.0.4/bin/feat" line 390)
child process exited abnormally
    while executing
"fsl:exec "${FSLDIR}/bin/feat ${fsfroot}.fsf -D $FD -I $session -init" -b 10 -N feat0_init -l logs "
    (procedure "firstLevelMaster" line 145)
    invoked from within
"firstLevelMaster $session"
    invoked from within
"if { $done_something == 0 } {

    if { ! $fmri(inmelodic) } {
       if { $fmri(level) == 1 } {
	      for { set session 1 } { $session <= $fmri(mult..."
    (file "/usr/share/fsl/6.0.4/bin/feat" line 390)
running: /data/projects/istart-ugdg/derivatives/fsl/sub-1301/L1_task-ugdg_model-1_type-ppi_seed-IFG_extracted_run-2_sm-5 
To view the FEAT progress and final report, point your web browser at /data/projects/istart-ugdg/derivatives/fsl/sub-1301/L1_task-ugdg_model-1_type-ppi_seed-IFG_extracted_run-2_sm-5.feat/report_log.html
child process exited abnormally
    while executing
"fsl:exec "${FSLDIR}/bin/feat ${fsfroot}.fsf -D $FD -I $session -init" -b 10 -N feat0_init -l logs "
    (procedure "firstLevelMaster" line 145)
    invoked from within
"firstLevelMaster $session"
    invoked from within
"if { $done_something == 0 } {

    if { ! $fmri(inmelodic) } {
       if { $fmri(level) == 1 } {
	      for { set session 1 } { $session <= $fmri(mult..."
    (file "/usr/share/fsl/6.0.4/bin/feat" line 390)
running: /data/projects/istart-ugdg/derivatives/fsl/sub-1302/L1_task-ugdg_model-1_type-ppi_seed-IFG_extracted_run-1_sm-5 
To view the FEAT progress and final report, point your web browser at /data/projects/istart-ugdg/derivatives/fsl/sub-1302/L1_task-ugdg_model-1_type-ppi_seed-IFG_extracted_run-1_sm-5.feat/report_log.html
child process exited abnormally
    while executing
"fsl:exec "${FSLDIR}/bin/feat ${fsfroot}.fsf -D $FD -I $session -init" -b 10 -N feat0_init -l logs "
    (procedure "firstLevelMaster" line 145)
    invoked from within
"firstLevelMaster $session"
    invoked from within
"if { $done_something == 0 } {

    if { ! $fmri(inmelodic) } {
       if { $fmri(level) == 1 } {
	      for { set session 1 } { $session <= $fmri(mult..."
    (file "/usr/share/fsl/6.0.4/bin/feat" line 390)
running: /data/projects/istart-ugdg/derivatives/fsl/sub-1302/L1_task-ugdg_model-1_type-ppi_seed-IFG_extracted_run-2_sm-5 
To view the FEAT progress and final report, point your web browser at /data/projects/istart-ugdg/derivatives/fsl/sub-1302/L1_task-ugdg_model-1_type-ppi_seed-IFG_extracted_run-2_sm-5.feat/report_log.html
child process exited abnormally
    while executing
"fsl:exec "${FSLDIR}/bin/feat ${fsfroot}.fsf -D $FD -I $session -prestats" -b $prestatsTime -h $initID $jobHalt -N feat2_pre -l logs "
    (procedure "firstLevelMaster" line 168)
    invoked from within
"firstLevelMaster $session"
    invoked from within
"if { $done_something == 0 } {

    if { ! $fmri(inmelodic) } {
       if { $fmri(level) == 1 } {
	      for { set session 1 } { $session <= $fmri(mult..."
    (file "/usr/share/fsl/6.0.4/bin/feat" line 390)
child process exited abnormally
    while executing
"fsl:exec "${FSLDIR}/bin/feat ${fsfroot}.fsf -D $FD -I $session -prestats" -b $prestatsTime -h $initID $jobHalt -N feat2_pre -l logs "
    (procedure "firstLevelMaster" line 168)
    invoked from within
"firstLevelMaster $session"
    invoked from within
"if { $done_something == 0 } {

    if { ! $fmri(inmelodic) } {
       if { $fmri(level) == 1 } {
	      for { set session 1 } { $session <= $fmri(mult..."
    (file "/usr/share/fsl/6.0.4/bin/feat" line 390)
running: /data/projects/istart-ugdg/derivatives/fsl/sub-1303/L1_task-ugdg_model-1_type-ppi_seed-IFG_extracted_run-1_sm-5 
running: /data/projects/istart-ugdg/derivatives/fsl/sub-1303/L1_task-ugdg_model-1_type-ppi_seed-IFG_extracted_run-2_sm-5 
To view the FEAT progress and final report, point your web browser at /data/projects/istart-ugdg/derivatives/fsl/sub-1303/L1_task-ugdg_model-1_type-ppi_seed-IFG_extracted_run-1_sm-5.feat/report_log.html
To view the FEAT progress and final report, point your web browser at /data/projects/istart-ugdg/derivatives/fsl/sub-1303/L1_task-ugdg_model-1_type-ppi_seed-IFG_extracted_run-2_sm-5.feat/report_log.html
art-ugdg/derivatives/fsl/sub-1276/L1_task-ugdg_model-1_type-ppi_seed-IFG_extracted_run-2_sm-5.feat/reg/standard2example_func.mat': File exists
ln: failed to create symbolic link '/data/projects/istart-ugdg/derivatives/fsl/sub-1276/L1_task-ugdg_model-1_type-ppi_seed-IFG_extracted_run-2_sm-5.feat/reg/standard.nii.gz': File exists
running: /data/projects/istart-ugdg/derivatives/fsl/sub-1300/L1_task-ugdg_model-1_type-ppi_seed-IFG_extracted_run-2_sm-5 
running: /data/projects/istart-ugdg/derivatives/fsl/sub-1301/L1_task-ugdg_model-1_type-ppi_seed-IFG_extracted_run-1_sm-5 
To view the FEAT progress and final report, point your web browser at /data/projects/istart-ugdg/derivatives/fsl/sub-1300/L1_task-ugdg_model-1_type-ppi_seed-IFG_extracted_run-2_sm-5+.feat/report_log.html
To view the FEAT progress and final report, point your web browser at /data/projects/istart-ugdg/derivatives/fsl/sub-1301/L1_task-ugdg_model-1_type-ppi_seed-IFG_extracted_run-1_sm-5.feat/report_log.html
running: /data/projects/istart-ugdg/derivatives/fsl/sub-1301/L1_task-ugdg_model-1_type-ppi_seed-IFG_extracted_run-2_sm-5 
To view the FEAT progress and final report, point your web browser at /data/projects/istart-ugdg/derivatives/fsl/sub-1301/L1_task-ugdg_model-1_type-ppi_seed-IFG_extracted_run-2_sm-5+.feat/report_log.html
child process exited abnormally
    while executing
"fsl:exec "${FSLDIR}/bin/feat ${fsfroot}.fsf -D $FD -I $session -stats" -b $howlong -h $prestatsID -N feat3_film -l logs "
    (procedure "firstLevelMaster" line 190)
    invoked from within
"firstLevelMaster $session"
    invoked from within
"if { $done_something == 0 } {

    if { ! $fmri(inmelodic) } {
       if { $fmri(level) == 1 } {
	      for { set session 1 } { $session <= $fmri(mult..."
    (file "/usr/share/fsl/6.0.4/bin/feat" line 390)
child process exited abnormally
    while executing
"fsl:exec "${FSLDIR}/bin/feat ${fsfroot}.fsf -D $FD -I $session -prestats" -b $prestatsTime -h $initID $jobHalt -N feat2_pre -l logs "
    (procedure "firstLevelMaster" line 168)
    invoked from within
"firstLevelMaster $session"
    invoked from within
"if { $done_something == 0 } {

    if { ! $fmri(inmelodic) } {
       if { $fmri(level) == 1 } {
	      for { set session 1 } { $session <= $fmri(mult..."
    (file "/usr/share/fsl/6.0.4/bin/feat" line 390)
child process exited abnormally
    while executing
"fsl:exec "${FSLDIR}/bin/feat ${fsfroot}.fsf -D $FD -I $session -stats" -b $howlong -h $prestatsID -N feat3_film -l logs "
    (procedure "firstLevelMaster" line 190)
    invoked from within
"firstLevelMaster $session"
    invoked from within
"if { $done_something == 0 } {

    if { ! $fmri(inmelodic) } {
       if { $fmri(level) == 1 } {
	      for { set session 1 } { $session <= $fmri(mult..."
    (file "/usr/share/fsl/6.0.4/bin/feat" line 390)
child process exited abnormally
    while executing
"fsl:exec "${FSLDIR}/bin/feat ${fsfroot}.fsf -D $FD -I $session -prestats" -b $prestatsTime -h $initID $jobHalt -N feat2_pre -l logs "
    (procedure "firstLevelMaster" line 168)
    invoked from within
"firstLevelMaster $session"
    invoked from within
"if { $done_something == 0 } {

    if { ! $fmri(inmelodic) } {
       if { $fmri(level) == 1 } {
	      for { set session 1 } { $session <= $fmri(mult..."
    (file "/usr/share/fsl/6.0.4/bin/feat" line 390)
child process exited abnormally
    while executing
"fsl:exec "${FSLDIR}/bin/feat ${fsfroot}.fsf -D $FD -I $session -prestats" -b $prestatsTime -h $initID $jobHalt -N feat2_pre -l logs "
    (procedure "firstLevelMaster" line 168)
    invoked from within
"firstLevelMaster $session"
    invoked from within
"if { $done_something == 0 } {

    if { ! $fmri(inmelodic) } {
       if { $fmri(level) == 1 } {
	      for { set session 1 } { $session <= $fmri(mult..."
    (file "/usr/share/fsl/6.0.4/bin/feat" line 390)
running: /data/projects/istart-ugdg/derivatives/fsl/sub-1302/L1_task-ugdg_model-1_type-ppi_seed-IFG_extracted_run-1_sm-5 
running: /data/projects/istart-ugdg/derivatives/fsl/sub-1302/L1_task-ugdg_model-1_type-ppi_seed-IFG_extracted_run-2_sm-5 
running: /data/projects/istart-ugdg/derivatives/fsl/sub-1303/L1_task-ugdg_model-1_type-ppi_seed-IFG_extracted_run-1_sm-5 
To view the FEAT progress and final report, point your web browser at /data/projects/istart-ugdg/derivatives/fsl/sub-1302/L1_task-ugdg_model-1_type-ppi_seed-IFG_extracted_run-1_sm-5.feat/report_log.html
To view the FEAT progress and final report, point your web browser at /data/projects/istart-ugdg/derivatives/fsl/sub-1302/L1_task-ugdg_model-1_type-ppi_seed-IFG_extracted_run-2_sm-5.feat/report_log.html
To view the FEAT progress and final report, point your web browser at /data/projects/istart-ugdg/derivatives/fsl/sub-1303/L1_task-ugdg_model-1_type-ppi_seed-IFG_extracted_run-1_sm-5+.feat/report_log.html
