To view the FEAT progress and final report, point your web browser at /data/projects/istart-ugdg/derivatives/fsl/COPE/L3_model-1_task-ugdg_type-act-n54-cov-COMPOSITE_wSTRAT-flame1/L3_model-1_task-ugdg_n54-cov-COMPOSITE_wSTRAT-cope-2-cue_UGP-flame1.gfeat/report_log.html
To view the FEAT progress and final report, point your web browser at /data/projects/istart-ugdg/derivatives/fsl/COPE/L3_model-1_task-ugdg_type-act-n54-cov-COMPOSITE_wSTRAT-flame1/L3_model-1_task-ugdg_n54-cov-COMPOSITE_wSTRAT-cope-1-cue_DGP-flame1.gfeat/report_log.html
To view the FEAT progress and final report, point your web browser at /data/projects/istart-ugdg/derivatives/fsl/COPE/L3_model-1_task-ugdg_type-act-n54-cov-COMPOSITE_wSTRAT-flame1/L3_model-1_task-ugdg_n54-cov-COMPOSITE_wSTRAT-cope-3-cue_UGR-flame1.gfeat/report_log.html
To view the FEAT progress and final report, point your web browser at /data/projects/istart-ugdg/derivatives/fsl/COPE/L3_model-1_task-ugdg_type-act-n54-cov-COMPOSITE_wSTRAT-flame1/L3_model-1_task-ugdg_n54-cov-COMPOSITE_wSTRAT-cope-4-choice_DGP-flame1.gfeat/report_log.html
To view the FEAT progress and final report, point your web browser at /data/projects/istart-ugdg/derivatives/fsl/COPE/L3_model-1_task-ugdg_type-act-n54-cov-COMPOSITE_wSTRAT-flame1/L3_model-1_task-ugdg_n54-cov-COMPOSITE_wSTRAT-cope-5-choice_UGP-flame1.gfeat/report_log.html
To view the FEAT progress and final report, point your web browser at /data/projects/istart-ugdg/derivatives/fsl/COPE/L3_model-1_task-ugdg_type-act-n54-cov-COMPOSITE_wSTRAT-flame1/L3_model-1_task-ugdg_n54-cov-COMPOSITE_wSTRAT-cope-6-choice_UGR-flame1.gfeat/report_log.html
To view the FEAT progress and final report, point your web browser at /data/projects/istart-ugdg/derivatives/fsl/COPE/L3_model-1_task-ugdg_type-act-n54-cov-COMPOSITE_wSTRAT-flame1/L3_model-1_task-ugdg_n54-cov-COMPOSITE_wSTRAT-cope-7-cue_DGP_pmod-flame1.gfeat/report_log.html
To view the FEAT progress and final report, point your web browser at /data/projects/istart-ugdg/derivatives/fsl/COPE/L3_model-1_task-ugdg_type-act-n54-cov-COMPOSITE_wSTRAT-flame1/L3_model-1_task-ugdg_n54-cov-COMPOSITE_wSTRAT-cope-8-cue_UGP_pmod-flame1.gfeat/report_log.html
To view the FEAT progress and final report, point your web browser at /data/projects/istart-ugdg/derivatives/fsl/COPE/L3_model-1_task-ugdg_type-act-n54-cov-COMPOSITE_wSTRAT-flame1/L3_model-1_task-ugdg_n54-cov-COMPOSITE_wSTRAT-cope-9-cue_UGR_pmod-flame1.gfeat/report_log.html
To view the FEAT progress and final report, point your web browser at /data/projects/istart-ugdg/derivatives/fsl/COPE/L3_model-1_task-ugdg_type-act-n54-cov-COMPOSITE_wSTRAT-flame1/L3_model-1_task-ugdg_n54-cov-COMPOSITE_wSTRAT-cope-11-choice_UGP_pmod-flame1.gfeat/report_log.html
To view the FEAT progress and final report, point your web browser at /data/projects/istart-ugdg/derivatives/fsl/COPE/L3_model-1_task-ugdg_type-act-n54-cov-COMPOSITE_wSTRAT-flame1/L3_model-1_task-ugdg_n54-cov-COMPOSITE_wSTRAT-cope-10-choice_DGP_pmod-flame1.gfeat/report_log.html
To view the FEAT progress and final report, point your web browser at /data/projects/istart-ugdg/derivatives/fsl/COPE/L3_model-1_task-ugdg_type-act-n54-cov-COMPOSITE_wSTRAT-flame1/L3_model-1_task-ugdg_n54-cov-COMPOSITE_wSTRAT-cope-12-choice_UGR_pmod-flame1.gfeat/report_log.html
To view the FEAT progress and final report, point your web browser at /data/projects/istart-ugdg/derivatives/fsl/COPE/L3_model-1_task-ugdg_type-act-n54-cov-COMPOSITE_wSTRAT-flame1/L3_model-1_task-ugdg_n54-cov-COMPOSITE_wSTRAT-cope-13-cue_DGUG-flame1.gfeat/report_log.html
To view the FEAT progress and final report, point your web browser at /data/projects/istart-ugdg/derivatives/fsl/COPE/L3_model-1_task-ugdg_type-act-n54-cov-COMPOSITE_wSTRAT-flame1/L3_model-1_task-ugdg_n54-cov-COMPOSITE_wSTRAT-cope-14-choice_DGUG-flame1.gfeat/report_log.html
To view the FEAT progress and final report, point your web browser at /data/projects/istart-ugdg/derivatives/fsl/COPE/L3_model-1_task-ugdg_type-act-n54-cov-COMPOSITE_wSTRAT-flame1/L3_model-1_task-ugdg_n54-cov-COMPOSITE_wSTRAT-cope-16-choice_DGUG_pmod-flame1.gfeat/report_log.html
To view the FEAT progress and final report, point your web browser at /data/projects/istart-ugdg/derivatives/fsl/COPE/L3_model-1_task-ugdg_type-act-n54-cov-COMPOSITE_wSTRAT-flame1/L3_model-1_task-ugdg_n54-cov-COMPOSITE_wSTRAT-cope-15-cue_DGUG_pmod-flame1.gfeat/report_log.html
To view the FEAT progress and final report, point your web browser at /data/projects/istart-ugdg/derivatives/fsl/COPE/L3_model-1_task-ugdg_type-act-n54-cov-COMPOSITE_wSTRAT-flame1/L3_model-1_task-ugdg_n54-cov-COMPOSITE_wSTRAT-cope-17-PHYS-flame1.gfeat/report_log.html
child process exited abnormally
    while executing
"fsl:exec "${FSLDIR}/bin/feat ${fsfroot}.fsf -D $FD -gfeatprep" -b 60 -N feat2_pre -l logs "
    invoked from within
"if { $done_something == 0 } {

    if { ! $fmri(inmelodic) } {
       if { $fmri(level) == 1 } {
	      for { set session 1 } { $session <= $fmri(mult..."
    (file "/usr/share/fsl/6.0.4/bin/feat" line 390)
